<?xml version="1.0" encoding="UTF-8"?>
<testsuite name="MinesweeperTest" tests="1" skipped="0" failures="0" errors="0" timestamp="2021-12-31T00:21:22" hostname="LAPTOP-SU79B877" time="0.509">
  <properties/>
  <testcase name="start" classname="MinesweeperTest" time="0.509"/>
  <system-out><![CDATA[?[1;31m
Start test 1?[0m
How Many mines do you want on the field?
> 1

 |123456789|
—|—————————|
1|.........|
2|.........|
3|.........|
4|.........|
5|.........|
6|...111...|
7|...1.1...|
8|...111...|
9|.........|
—|—————————|
Set/delete mines marks (x and y coordinates): > 1 2

 |123456789|
—|—————————|
1|.........|
2|*........|
3|.........|
4|.........|
5|.........|
6|...111...|
7|...1.1...|
8|...111...|
9|.........|
—|—————————|
Set/delete mines marks (x and y coordinates): > 1 2

 |123456789|
—|—————————|
1|.........|
2|.........|
3|.........|
4|.........|
5|.........|
6|...111...|
7|...1.1...|
8|...111...|
9|.........|
—|—————————|
Set/delete mines marks (x and y coordinates): > 5 7

 |123456789|
—|—————————|
1|.........|
2|.........|
3|.........|
4|.........|
5|.........|
6|...111...|
7|...1*1...|
8|...111...|
9|.........|
—|—————————|
Congratulations! You found all the mines!
?[1;31m
Start test 2?[0m
How Many mines do you want on the field?
> 1

 |123456789|
—|—————————|
1|.........|
2|.........|
3|.......11|
4|.......1.|
5|.......11|
6|.........|
7|.........|
8|.........|
9|.........|
—|—————————|
Set/delete mines marks (x and y coordinates): > 1 2

 |123456789|
—|—————————|
1|.........|
2|*........|
3|.......11|
4|.......1.|
5|.......11|
6|.........|
7|.........|
8|.........|
9|.........|
—|—————————|
Set/delete mines marks (x and y coordinates): > 1 2

 |123456789|
—|—————————|
1|.........|
2|.........|
3|.......11|
4|.......1.|
5|.......11|
6|.........|
7|.........|
8|.........|
9|.........|
—|—————————|
Set/delete mines marks (x and y coordinates): > 9 4

 |123456789|
—|—————————|
1|.........|
2|.........|
3|.......11|
4|.......1*|
5|.......11|
6|.........|
7|.........|
8|.........|
9|.........|
—|—————————|
Congratulations! You found all the mines!
?[1;31m
Start test 3?[0m
How Many mines do you want on the field?
> 1

 |123456789|
—|—————————|
1|.........|
2|.111.....|
3|.1.1.....|
4|.111.....|
5|.........|
6|.........|
7|.........|
8|.........|
9|.........|
—|—————————|
Set/delete mines marks (x and y coordinates): > 1 2

 |123456789|
—|—————————|
1|.........|
2|*111.....|
3|.1.1.....|
4|.111.....|
5|.........|
6|.........|
7|.........|
8|.........|
9|.........|
—|—————————|
Set/delete mines marks (x and y coordinates): > 1 2

 |123456789|
—|—————————|
1|.........|
2|.111.....|
3|.1.1.....|
4|.111.....|
5|.........|
6|.........|
7|.........|
8|.........|
9|.........|
—|—————————|
Set/delete mines marks (x and y coordinates): > 3 3

 |123456789|
—|—————————|
1|.........|
2|.111.....|
3|.1*1.....|
4|.111.....|
5|.........|
6|.........|
7|.........|
8|.........|
9|.........|
—|—————————|
Congratulations! You found all the mines!
?[1;31m
Start test 4?[0m
How Many mines do you want on the field?
> 1

 |123456789|
—|—————————|
1|111......|
2|1.1......|
3|111......|
4|.........|
5|.........|
6|.........|
7|.........|
8|.........|
9|.........|
—|—————————|
Set/delete mines marks (x and y coordinates): > 1 4

 |123456789|
—|—————————|
1|111......|
2|1.1......|
3|111......|
4|*........|
5|.........|
6|.........|
7|.........|
8|.........|
9|.........|
—|—————————|
Set/delete mines marks (x and y coordinates): > 1 4

 |123456789|
—|—————————|
1|111......|
2|1.1......|
3|111......|
4|.........|
5|.........|
6|.........|
7|.........|
8|.........|
9|.........|
—|—————————|
Set/delete mines marks (x and y coordinates): > 2 2

 |123456789|
—|—————————|
1|111......|
2|1*1......|
3|111......|
4|.........|
5|.........|
6|.........|
7|.........|
8|.........|
9|.........|
—|—————————|
Congratulations! You found all the mines!
?[1;31m
Start test 5?[0m
How Many mines do you want on the field?
> 1

 |123456789|
—|—————————|
1|.........|
2|.........|
3|.........|
4|.........|
5|.........|
6|.........|
7|.........|
8|111......|
9|1.1......|
—|—————————|
Set/delete mines marks (x and y coordinates): > 1 2

 |123456789|
—|—————————|
1|.........|
2|*........|
3|.........|
4|.........|
5|.........|
6|.........|
7|.........|
8|111......|
9|1.1......|
—|—————————|
Set/delete mines marks (x and y coordinates): > 1 2

 |123456789|
—|—————————|
1|.........|
2|.........|
3|.........|
4|.........|
5|.........|
6|.........|
7|.........|
8|111......|
9|1.1......|
—|—————————|
Set/delete mines marks (x and y coordinates): > 2 9

 |123456789|
—|—————————|
1|.........|
2|.........|
3|.........|
4|.........|
5|.........|
6|.........|
7|.........|
8|111......|
9|1*1......|
—|—————————|
Congratulations! You found all the mines!
?[1;31m
Start test 6?[0m
How Many mines do you want on the field?
> 1

 |123456789|
—|—————————|
1|.........|
2|.........|
3|.........|
4|..111....|
5|..1.1....|
6|..111....|
7|.........|
8|.........|
9|.........|
—|—————————|
Set/delete mines marks (x and y coordinates): > 1 2

 |123456789|
—|—————————|
1|.........|
2|*........|
3|.........|
4|..111....|
5|..1.1....|
6|..111....|
7|.........|
8|.........|
9|.........|
—|—————————|
Set/delete mines marks (x and y coordinates): > 1 2

 |123456789|
—|—————————|
1|.........|
2|.........|
3|.........|
4|..111....|
5|..1.1....|
6|..111....|
7|.........|
8|.........|
9|.........|
—|—————————|
Set/delete mines marks (x and y coordinates): > 4 5

 |123456789|
—|—————————|
1|.........|
2|.........|
3|.........|
4|..111....|
5|..1*1....|
6|..111....|
7|.........|
8|.........|
9|.........|
—|—————————|
Congratulations! You found all the mines!
?[1;31m
Start test 7?[0m
How Many mines do you want on the field?
> 1

 |123456789|
—|—————————|
1|.........|
2|.........|
3|....111..|
4|....1.1..|
5|....111..|
6|.........|
7|.........|
8|.........|
9|.........|
—|—————————|
Set/delete mines marks (x and y coordinates): > 1 2

 |123456789|
—|—————————|
1|.........|
2|*........|
3|....111..|
4|....1.1..|
5|....111..|
6|.........|
7|.........|
8|.........|
9|.........|
—|—————————|
Set/delete mines marks (x and y coordinates): > 1 2

 |123456789|
—|—————————|
1|.........|
2|.........|
3|....111..|
4|....1.1..|
5|....111..|
6|.........|
7|.........|
8|.........|
9|.........|
—|—————————|
Set/delete mines marks (x and y coordinates): > 6 4

 |123456789|
—|—————————|
1|.........|
2|.........|
3|....111..|
4|....1*1..|
5|....111..|
6|.........|
7|.........|
8|.........|
9|.........|
—|—————————|
Congratulations! You found all the mines!
?[1;31m
Start test 8?[0m
How Many mines do you want on the field?
> 1

 |123456789|
—|—————————|
1|.........|
2|.........|
3|.........|
4|.........|
5|.........|
6|..111....|
7|..1.1....|
8|..111....|
9|.........|
—|—————————|
Set/delete mines marks (x and y coordinates): > 1 2

 |123456789|
—|—————————|
1|.........|
2|*........|
3|.........|
4|.........|
5|.........|
6|..111....|
7|..1.1....|
8|..111....|
9|.........|
—|—————————|
Set/delete mines marks (x and y coordinates): > 1 2

 |123456789|
—|—————————|
1|.........|
2|.........|
3|.........|
4|.........|
5|.........|
6|..111....|
7|..1.1....|
8|..111....|
9|.........|
—|—————————|
Set/delete mines marks (x and y coordinates): > 4 7

 |123456789|
—|—————————|
1|.........|
2|.........|
3|.........|
4|.........|
5|.........|
6|..111....|
7|..1*1....|
8|..111....|
9|.........|
—|—————————|
Congratulations! You found all the mines!
?[1;31m
Start test 9?[0m
How Many mines do you want on the field?
> 1

 |123456789|
—|—————————|
1|.........|
2|.........|
3|.....111.|
4|.....1.1.|
5|.....111.|
6|.........|
7|.........|
8|.........|
9|.........|
—|—————————|
Set/delete mines marks (x and y coordinates): > 1 2

 |123456789|
—|—————————|
1|.........|
2|*........|
3|.....111.|
4|.....1.1.|
5|.....111.|
6|.........|
7|.........|
8|.........|
9|.........|
—|—————————|
Set/delete mines marks (x and y coordinates): > 1 2

 |123456789|
—|—————————|
1|.........|
2|.........|
3|.....111.|
4|.....1.1.|
5|.....111.|
6|.........|
7|.........|
8|.........|
9|.........|
—|—————————|
Set/delete mines marks (x and y coordinates): > 7 4

 |123456789|
—|—————————|
1|.........|
2|.........|
3|.....111.|
4|.....1*1.|
5|.....111.|
6|.........|
7|.........|
8|.........|
9|.........|
—|—————————|
Congratulations! You found all the mines!
?[1;31m
Start test 10?[0m
How Many mines do you want on the field?
> 1

 |123456789|
—|—————————|
1|......111|
2|......1.1|
3|......111|
4|.........|
5|.........|
6|.........|
7|.........|
8|.........|
9|.........|
—|—————————|
Set/delete mines marks (x and y coordinates): > 1 2

 |123456789|
—|—————————|
1|......111|
2|*.....1.1|
3|......111|
4|.........|
5|.........|
6|.........|
7|.........|
8|.........|
9|.........|
—|—————————|
Set/delete mines marks (x and y coordinates): > 1 2

 |123456789|
—|—————————|
1|......111|
2|......1.1|
3|......111|
4|.........|
5|.........|
6|.........|
7|.........|
8|.........|
9|.........|
—|—————————|
Set/delete mines marks (x and y coordinates): > 8 2

 |123456789|
—|—————————|
1|......111|
2|......1*1|
3|......111|
4|.........|
5|.........|
6|.........|
7|.........|
8|.........|
9|.........|
—|—————————|
Congratulations! You found all the mines!
?[1;31m
Start test 11?[0m
How Many mines do you want on the field?
> 5

 |123456789|
—|—————————|
1|...1.1.1.|
2|...111.11|
3|.........|
4|.........|
5|.........|
6|.111..111|
7|.1.1..2.2|
8|.111..2.2|
9|......111|
—|—————————|
Set/delete mines marks (x and y coordinates): > 3 7

 |123456789|
—|—————————|
1|...1.1.1.|
2|...111.11|
3|.........|
4|.........|
5|.........|
6|.111..111|
7|.1*1..2.2|
8|.111..2.2|
9|......111|
—|—————————|
Set/delete mines marks (x and y coordinates): > 8 8

 |123456789|
—|—————————|
1|...1.1.1.|
2|...111.11|
3|.........|
4|.........|
5|.........|
6|.111..111|
7|.1*1..2.2|
8|.111..2*2|
9|......111|
—|—————————|
Set/delete mines marks (x and y coordinates): > 8 7

 |123456789|
—|—————————|
1|...1.1.1.|
2|...111.11|
3|.........|
4|.........|
5|.........|
6|.111..111|
7|.1*1..2*2|
8|.111..2*2|
9|......111|
—|—————————|
Set/delete mines marks (x and y coordinates): > 5 1

 |123456789|
—|—————————|
1|...1*1.1.|
2|...111.11|
3|.........|
4|.........|
5|.........|
6|.111..111|
7|.1*1..2*2|
8|.111..2*2|
9|......111|
—|—————————|
Set/delete mines marks (x and y coordinates): > 9 1

 |123456789|
—|—————————|
1|...1*1.1*|
2|...111.11|
3|.........|
4|.........|
5|.........|
6|.111..111|
7|.1*1..2*2|
8|.111..2*2|
9|......111|
—|—————————|
Congratulations! You found all the mines!
?[1;31m
Start test 12?[0m
How Many mines do you want on the field?
> 5

 |123456789|
—|—————————|
1|..1.2.1..|
2|1121211..|
3|2.2......|
4|2.2..111.|
5|111..1.1.|
6|.....111.|
7|.........|
8|.........|
9|.........|
—|—————————|
Set/delete mines marks (x and y coordinates): > 7 5

 |123456789|
—|—————————|
1|..1.2.1..|
2|1121211..|
3|2.2......|
4|2.2..111.|
5|111..1*1.|
6|.....111.|
7|.........|
8|.........|
9|.........|
—|—————————|
Set/delete mines marks (x and y coordinates): > 2 3

 |123456789|
—|—————————|
1|..1.2.1..|
2|1121211..|
3|2*2......|
4|2.2..111.|
5|111..1*1.|
6|.....111.|
7|.........|
8|.........|
9|.........|
—|—————————|
Set/delete mines marks (x and y coordinates): > 2 4

 |123456789|
—|—————————|
1|..1.2.1..|
2|1121211..|
3|2*2......|
4|2*2..111.|
5|111..1*1.|
6|.....111.|
7|.........|
8|.........|
9|.........|
—|—————————|
Set/delete mines marks (x and y coordinates): > 4 1

 |123456789|
—|—————————|
1|..1*2.1..|
2|1121211..|
3|2*2......|
4|2*2..111.|
5|111..1*1.|
6|.....111.|
7|.........|
8|.........|
9|.........|
—|—————————|
Set/delete mines marks (x and y coordinates): > 6 1

 |123456789|
—|—————————|
1|..1*2*1..|
2|1121211..|
3|2*2......|
4|2*2..111.|
5|111..1*1.|
6|.....111.|
7|.........|
8|.........|
9|.........|
—|—————————|
Congratulations! You found all the mines!
?[1;31m
Start test 13?[0m
How Many mines do you want on the field?
> 5

 |123456789|
—|—————————|
1|.........|
2|.........|
3|..111....|
4|..1.2211.|
5|..12.2.1.|
6|...112221|
7|.....12.1|
8|.....1.21|
9|.....111.|
—|—————————|
Set/delete mines marks (x and y coordinates): > 7 5

 |123456789|
—|—————————|
1|.........|
2|.........|
3|..111....|
4|..1.2211.|
5|..12.2*1.|
6|...112221|
7|.....12.1|
8|.....1.21|
9|.....111.|
—|—————————|
Set/delete mines marks (x and y coordinates): > 7 8

 |123456789|
—|—————————|
1|.........|
2|.........|
3|..111....|
4|..1.2211.|
5|..12.2*1.|
6|...112221|
7|.....12.1|
8|.....1*21|
9|.....111.|
—|—————————|
Set/delete mines marks (x and y coordinates): > 8 7

 |123456789|
—|—————————|
1|.........|
2|.........|
3|..111....|
4|..1.2211.|
5|..12.2*1.|
6|...112221|
7|.....12*1|
8|.....1*21|
9|.....111.|
—|—————————|
Set/delete mines marks (x and y coordinates): > 4 4

 |123456789|
—|—————————|
1|.........|
2|.........|
3|..111....|
4|..1*2211.|
5|..12.2*1.|
6|...112221|
7|.....12*1|
8|.....1*21|
9|.....111.|
—|—————————|
Set/delete mines marks (x and y coordinates): > 5 5

 |123456789|
—|—————————|
1|.........|
2|.........|
3|..111....|
4|..1*2211.|
5|..12*2*1.|
6|...112221|
7|.....12*1|
8|.....1*21|
9|.....111.|
—|—————————|
Congratulations! You found all the mines!
]]></system-out>
  <system-err><![CDATA[]]></system-err>
</testsuite>
